#
# There is insufficient memory for the Java Runtime Environment to continue.
# Native memory allocation (malloc) failed to allocate 1057136 bytes for Chunk::new
# Possible reasons:
#   The system is out of physical RAM or swap space
#   The process is running with CompressedOops enabled, and the Java Heap may be blocking the growth of the native heap
# Possible solutions:
#   Reduce memory load on the system
#   Increase physical memory or swap space
#   Check if swap backing store is full
#   Decrease Java heap size (-Xmx/-Xms)
#   Decrease number of Java threads
#   Decrease Java thread stack sizes (-Xss)
#   Set larger code cache with -XX:ReservedCodeCacheSize=
#   JVM is running with Unscaled Compressed Oops mode in which the Java heap is
#     placed in the first 4GB address space. The Java Heap base address is the
#     maximum limit for the native heap growth. Please use -XX:HeapBaseMinAddress
#     to set the Java Heap base and to place the Java Heap above 4GB virtual address.
# This output file may be truncated or incomplete.
#
#  Out of Memory Error (./src/hotspot/share/memory/arena.cpp:197), pid=21108, tid=27600
#
# JRE version: OpenJDK Runtime Environment Microsoft-25199 (11.0.12+7) (build 11.0.12+7)
# Java VM: OpenJDK 64-Bit Server VM Microsoft-25199 (11.0.12+7, mixed mode, tiered, compressed oops, g1 gc, windows-amd64)
# No core dump will be written. Minidumps are not enabled by default on client versions of Windows
#

---------------  S U M M A R Y ------------

Command Line: -XX:MaxMetaspaceSize=512m --add-opens=java.base/java.util=ALL-UNNAMED --add-opens=java.base/java.lang=ALL-UNNAMED --add-opens=java.base/java.lang.invoke=ALL-UNNAMED --add-opens=java.base/java.util=ALL-UNNAMED --add-opens=java.prefs/java.util.prefs=ALL-UNNAMED --add-opens=java.prefs/java.util.prefs=ALL-UNNAMED --add-opens=java.base/java.nio.charset=ALL-UNNAMED --add-opens=java.base/java.net=ALL-UNNAMED --add-opens=java.base/java.util.concurrent.atomic=ALL-UNNAMED -Xmx2048m -Dfile.encoding=windows-1252 -Duser.country=US -Duser.language=en -Duser.variant org.gradle.launcher.daemon.bootstrap.GradleDaemon 7.5.1

Host: Intel(R) Core(TM) i5-1035G1 CPU @ 1.00GHz, 8 cores, 7G,  Windows 10 , 64 bit Build 22621 (10.0.22621.1635)
Time: Sun Jun  4 15:49:22 2023 Greenwich Standard Time elapsed time: 21.615781 seconds (0d 0h 0m 21s)

---------------  T H R E A D  ---------------

Current thread (0x0000020a9698f800):  JavaThread "C2 CompilerThread0" daemon [_thread_in_native, id=27600, stack(0x000000208ee00000,0x000000208ef00000)]


Current CompileTask:
C2:  21616 4949  s!   4       jdk.internal.loader.URLClassPath::getLoader (194 bytes)

Stack: [0x000000208ee00000,0x000000208ef00000]
Native frames: (J=compiled Java code, j=interpreted, Vv=VM code, C=native code)
V  [jvm.dll+0x6090fa]
V  [jvm.dll+0x79229e]
V  [jvm.dll+0x79396f]
V  [jvm.dll+0x794033]
V  [jvm.dll+0x24bed8]
V  [jvm.dll+0xc219c]
V  [jvm.dll+0xc275c]
V  [jvm.dll+0x354862]
V  [jvm.dll+0x19db79]
V  [jvm.dll+0x205692]
V  [jvm.dll+0x20476d]
V  [jvm.dll+0x18996c]
V  [jvm.dll+0x213dd7]
V  [jvm.dll+0x211f9b]
V  [jvm.dll+0x7563a9]
V  [jvm.dll+0x74f414]
V  [jvm.dll+0x607f56]
C  [ucrtbase.dll+0x29363]
C  [KERNEL32.DLL+0x126ad]
C  [ntdll.dll+0x5a9f8]


---------------  P R O C E S S  ---------------

Threads class SMR info:
_java_thread_list=0x0000020a99fe72e0, length=41, elements={
0x0000020af78a9800, 0x0000020a9696c800, 0x0000020a9696d800, 0x0000020a96988000,
0x0000020a9698b000, 0x0000020a9698d800, 0x0000020a9698f800, 0x0000020a9699c000,
0x0000020a969ac000, 0x0000020a97447800, 0x0000020a99215800, 0x0000020a989ec000,
0x0000020a97d91000, 0x0000020a98b2e800, 0x0000020a98b2f800, 0x0000020a9795b000,
0x0000020a985f3800, 0x0000020a97ea3800, 0x0000020a977fc800, 0x0000020a97945800,
0x0000020a97940800, 0x0000020a97941000, 0x0000020a97943000, 0x0000020a97944800,
0x0000020a97942000, 0x0000020a9793f800, 0x0000020a97943800, 0x0000020a97946000,
0x0000020a999c6000, 0x0000020a999c3800, 0x0000020a999c2800, 0x0000020a999c4000,
0x0000020a999cb000, 0x0000020a999cb800, 0x0000020a999c7800, 0x0000020a999ca000,
0x0000020a999cc800, 0x0000020a999ce000, 0x0000020a999c8800, 0x0000020a999cf000,
0x0000020a999c9000
}

Java Threads: ( => current thread )
  0x0000020af78a9800 JavaThread "main" [_thread_blocked, id=30116, stack(0x000000208e200000,0x000000208e300000)]
  0x0000020a9696c800 JavaThread "Reference Handler" daemon [_thread_blocked, id=36492, stack(0x000000208e900000,0x000000208ea00000)]
  0x0000020a9696d800 JavaThread "Finalizer" daemon [_thread_blocked, id=13052, stack(0x000000208ea00000,0x000000208eb00000)]
  0x0000020a96988000 JavaThread "Signal Dispatcher" daemon [_thread_blocked, id=21740, stack(0x000000208eb00000,0x000000208ec00000)]
  0x0000020a9698b000 JavaThread "Attach Listener" daemon [_thread_blocked, id=30848, stack(0x000000208ec00000,0x000000208ed00000)]
  0x0000020a9698d800 JavaThread "Service Thread" daemon [_thread_blocked, id=23648, stack(0x000000208ed00000,0x000000208ee00000)]
=>0x0000020a9698f800 JavaThread "C2 CompilerThread0" daemon [_thread_in_native, id=27600, stack(0x000000208ee00000,0x000000208ef00000)]
  0x0000020a9699c000 JavaThread "C1 CompilerThread0" daemon [_thread_blocked, id=1112, stack(0x000000208ef00000,0x000000208f000000)]
  0x0000020a969ac000 JavaThread "Sweeper thread" daemon [_thread_blocked, id=30852, stack(0x000000208f000000,0x000000208f100000)]
  0x0000020a97447800 JavaThread "Common-Cleaner" daemon [_thread_blocked, id=11888, stack(0x000000208f100000,0x000000208f200000)]
  0x0000020a99215800 JavaThread "Daemon health stats" [_thread_blocked, id=33892, stack(0x000000208f400000,0x000000208f500000)]
  0x0000020a989ec000 JavaThread "Incoming local TCP Connector on port 60963" [_thread_in_native, id=31348, stack(0x000000208f500000,0x000000208f600000)]
  0x0000020a97d91000 JavaThread "Daemon periodic checks" [_thread_blocked, id=27468, stack(0x000000208f600000,0x000000208f700000)]
  0x0000020a98b2e800 JavaThread "Daemon" [_thread_blocked, id=26492, stack(0x000000208f700000,0x000000208f800000)]
  0x0000020a98b2f800 JavaThread "Handler for socket connection from /127.0.0.1:60963 to /127.0.0.1:60964" [_thread_in_native, id=11680, stack(0x000000208f800000,0x000000208f900000)]
  0x0000020a9795b000 JavaThread "Cancel handler" [_thread_blocked, id=31856, stack(0x000000208f900000,0x000000208fa00000)]
  0x0000020a985f3800 JavaThread "Daemon worker" [_thread_in_native, id=35636, stack(0x000000208fa00000,0x000000208fb00000)]
  0x0000020a97ea3800 JavaThread "Asynchronous log dispatcher for DefaultDaemonConnection: socket connection from /127.0.0.1:60963 to /127.0.0.1:60964" [_thread_blocked, id=16680, stack(0x000000208fb00000,0x000000208fc00000)]
  0x0000020a977fc800 JavaThread "Stdin handler" [_thread_blocked, id=30724, stack(0x000000208fc00000,0x000000208fd00000)]
  0x0000020a97945800 JavaThread "Daemon client event forwarder" [_thread_blocked, id=26920, stack(0x000000208fd00000,0x000000208fe00000)]
  0x0000020a97940800 JavaThread "Cache worker for journal cache (C:\Users\mersh\.gradle\caches\journal-1)" [_thread_blocked, id=20760, stack(0x0000002090400000,0x0000002090500000)]
  0x0000020a97941000 JavaThread "File lock request listener" [_thread_in_native, id=31532, stack(0x0000002090500000,0x0000002090600000)]
  0x0000020a97943000 JavaThread "Cache worker for file hash cache (C:\Users\mersh\.gradle\caches\7.5.1\fileHashes)" [_thread_blocked, id=34308, stack(0x0000002090600000,0x0000002090700000)]
  0x0000020a97944800 JavaThread "File watcher server" daemon [_thread_in_native, id=28536, stack(0x0000002090800000,0x0000002090900000)]
  0x0000020a97942000 JavaThread "File watcher consumer" daemon [_thread_blocked, id=25856, stack(0x0000002090900000,0x0000002090a00000)]
  0x0000020a9793f800 JavaThread "Cache worker for checksums cache (C:\Users\mersh\Desktop\DriveSOS\drivesos_mobile\android\.gradle\7.5.1\checksums)" [_thread_blocked, id=20224, stack(0x0000002090a00000,0x0000002090b00000)]
  0x0000020a97943800 JavaThread "Cache worker for cache directory md-rule (C:\Users\mersh\.gradle\caches\7.5.1\md-rule)" [_thread_blocked, id=29016, stack(0x0000002090b00000,0x0000002090c00000)]
  0x0000020a97946000 JavaThread "Cache worker for file content cache (C:\Users\mersh\.gradle\caches\7.5.1\fileContent)" [_thread_blocked, id=27248, stack(0x0000002090c00000,0x0000002090d00000)]
  0x0000020a999c6000 JavaThread "Cache worker for file hash cache (C:\Users\mersh\Desktop\DriveSOS\drivesos_mobile\android\.gradle\7.5.1\fileHashes)" [_thread_blocked, id=28812, stack(0x0000002090d00000,0x0000002090e00000)]
  0x0000020a999c3800 JavaThread "Cache worker for cache directory md-supplier (C:\Users\mersh\.gradle\caches\7.5.1\md-supplier)" [_thread_blocked, id=26940, stack(0x0000002090e00000,0x0000002090f00000)]
  0x0000020a999c2800 JavaThread "Cache worker for execution history cache (C:\Users\mersh\.gradle\caches\7.5.1\executionHistory)" [_thread_blocked, id=33632, stack(0x0000002090f00000,0x0000002091000000)]
  0x0000020a999c4000 JavaThread "jar transforms" [_thread_blocked, id=31820, stack(0x0000002091000000,0x0000002091100000)]
  0x0000020a999cb000 JavaThread "jar transforms Thread 2" [_thread_blocked, id=31520, stack(0x0000002091100000,0x0000002091200000)]
  0x0000020a999cb800 JavaThread "jar transforms Thread 3" [_thread_blocked, id=5772, stack(0x0000002091200000,0x0000002091300000)]
  0x0000020a999c7800 JavaThread "jar transforms Thread 4" [_thread_blocked, id=16604, stack(0x0000002091300000,0x0000002091400000)]
  0x0000020a999ca000 JavaThread "Cache worker for kotlin-dsl (C:\Users\mersh\.gradle\caches\7.5.1\kotlin-dsl)" [_thread_blocked, id=28640, stack(0x0000002091400000,0x0000002091500000)]
  0x0000020a999cc800 JavaThread "jar transforms Thread 5" [_thread_blocked, id=29852, stack(0x0000002091500000,0x0000002091600000)]
  0x0000020a999ce000 JavaThread "jar transforms Thread 6" [_thread_blocked, id=29388, stack(0x0000002091600000,0x0000002091700000)]
  0x0000020a999c8800 JavaThread "Cache worker for dependencies-accessors (C:\Users\mersh\Desktop\DriveSOS\drivesos_mobile\android\.gradle\7.5.1\dependencies-accessors)" [_thread_blocked, id=24036, stack(0x0000002091700000,0x0000002091800000)]
  0x0000020a999cf000 JavaThread "Cache worker for Build Output Cleanup Cache (C:\Users\mersh\Desktop\DriveSOS\drivesos_mobile\node_modules\react-native-gradle-plugin\.gradle\buildOutputCleanup)" [_thread_blocked, id=5908, stack(0x0000002091800000,0x0000002091900000)]
  0x0000020a999c9000 JavaThread "jar transforms Thread 7" [_thread_blocked, id=1632, stack(0x0000002091900000,0x0000002091a00000)]

Other Threads:
  0x0000020a96969000 VMThread "VM Thread" [stack: 0x000000208e800000,0x000000208e900000] [id=11904]
  0x0000020a97460800 WatcherThread [stack: 0x000000208f200000,0x000000208f300000] [id=26648]
  0x0000020af57fb800 GCTaskThread "GC Thread#0" [stack: 0x000000208e300000,0x000000208e400000] [id=24816]
  0x0000020a98131000 GCTaskThread "GC Thread#1" [stack: 0x000000208f300000,0x000000208f400000] [id=23752]
  0x0000020a9794d000 GCTaskThread "GC Thread#2" [stack: 0x000000208fe00000,0x000000208ff00000] [id=20748]
  0x0000020a98b3b000 GCTaskThread "GC Thread#3" [stack: 0x000000208ff00000,0x0000002090000000] [id=6536]
  0x0000020a98b40000 GCTaskThread "GC Thread#4" [stack: 0x0000002090000000,0x0000002090100000] [id=27944]
  0x0000020a98b40800 GCTaskThread "GC Thread#5" [stack: 0x0000002090100000,0x0000002090200000] [id=20972]
  0x0000020a98dda800 GCTaskThread "GC Thread#6" [stack: 0x0000002090200000,0x0000002090300000] [id=20296]
  0x0000020a98ddb000 GCTaskThread "GC Thread#7" [stack: 0x0000002090300000,0x0000002090400000] [id=15296]
  0x0000020af78ee800 ConcurrentGCThread "G1 Main Marker" [stack: 0x000000208e400000,0x000000208e500000] [id=13780]
  0x0000020af78f0800 ConcurrentGCThread "G1 Conc#0" [stack: 0x000000208e500000,0x000000208e600000] [id=10604]
  0x0000020a9831c800 ConcurrentGCThread "G1 Conc#1" [stack: 0x0000002090700000,0x0000002090800000] [id=25068]
  0x0000020af796e000 ConcurrentGCThread "G1 Refine#0" [stack: 0x000000208e600000,0x000000208e700000] [id=31072]
  0x0000020a967d8800 ConcurrentGCThread "G1 Young RemSet Sampling" [stack: 0x000000208e700000,0x000000208e800000] [id=21056]

Threads with active compile tasks:
C2 CompilerThread0  21669 4949  s!   4       jdk.internal.loader.URLClassPath::getLoader (194 bytes)

VM state:not at safepoint (normal execution)

VM Mutex/Monitor currently owned by a thread: None

Heap address: 0x0000000080000000, size: 2048 MB, Compressed Oops mode: 32-bit
Narrow klass base: 0x0000000000000000, Narrow klass shift: 3
Compressed class space size: 528482304 Address: 0x0000000100000000

Heap:
 garbage-first heap   total 126976K, used 80360K [0x0000000080000000, 0x0000000100000000)
  region size 1024K, 53 young (54272K), 5 survivors (5120K)
 Metaspace       used 56539K, capacity 57923K, committed 58060K, reserved 567296K
  class space    used 7341K, capacity 7929K, committed 7936K, reserved 516096K
Heap Regions: E=young(eden), S=young(survivor), O=old, HS=humongous(starts), HC=humongous(continues), CS=collection set, F=free, A=archive, TAMS=top-at-mark-start (previous, next)
|   0|0x0000000080000000, 0x0000000080100000, 0x0000000080100000|100%| O|  |TAMS 0x0000000080100000, 0x0000000080000000| Untracked 
|   1|0x0000000080100000, 0x0000000080200000, 0x0000000080200000|100%| O|  |TAMS 0x0000000080200000, 0x0000000080100000| Untracked 
|   2|0x0000000080200000, 0x0000000080300000, 0x0000000080300000|100%| O|  |TAMS 0x0000000080300000, 0x0000000080200000| Untracked 
|   3|0x0000000080300000, 0x0000000080400000, 0x0000000080400000|100%|HS|  |TAMS 0x0000000080400000, 0x0000000080300000| Complete 
|   4|0x0000000080400000, 0x0000000080500000, 0x0000000080500000|100%|HC|  |TAMS 0x0000000080500000, 0x0000000080400000| Complete 
|   5|0x0000000080500000, 0x0000000080600000, 0x0000000080600000|100%|HC|  |TAMS 0x0000000080600000, 0x0000000080500000| Complete 
|   6|0x0000000080600000, 0x0000000080700000, 0x0000000080700000|100%| O|  |TAMS 0x0000000080700000, 0x0000000080600000| Untracked 
|   7|0x0000000080700000, 0x0000000080800000, 0x0000000080800000|100%| O|  |TAMS 0x0000000080800000, 0x0000000080700000| Untracked 
|   8|0x0000000080800000, 0x0000000080900000, 0x0000000080900000|100%| O|  |TAMS 0x0000000080900000, 0x0000000080800000| Untracked 
|   9|0x0000000080900000, 0x0000000080a00000, 0x0000000080a00000|100%| O|  |TAMS 0x0000000080a00000, 0x0000000080900000| Untracked 
|  10|0x0000000080a00000, 0x0000000080b00000, 0x0000000080b00000|100%| O|  |TAMS 0x0000000080b00000, 0x0000000080a00000| Untracked 
|  11|0x0000000080b00000, 0x0000000080c00000, 0x0000000080c00000|100%| O|  |TAMS 0x0000000080c00000, 0x0000000080b00000| Untracked 
|  12|0x0000000080c00000, 0x0000000080d00000, 0x0000000080d00000|100%| O|  |TAMS 0x0000000080d00000, 0x0000000080c00000| Untracked 
|  13|0x0000000080d00000, 0x0000000080e00000, 0x0000000080e00000|100%| O|  |TAMS 0x0000000080e00000, 0x0000000080d00000| Untracked 
|  14|0x0000000080e00000, 0x0000000080f00000, 0x0000000080f00000|100%| O|  |TAMS 0x0000000080f00000, 0x0000000080e00000| Untracked 
|  15|0x0000000080f00000, 0x0000000081000000, 0x0000000081000000|100%| O|  |TAMS 0x0000000081000000, 0x0000000080f00000| Untracked 
|  16|0x0000000081000000, 0x0000000081100000, 0x0000000081100000|100%| O|  |TAMS 0x00000000810a1400, 0x0000000081000000| Untracked 
|  17|0x0000000081100000, 0x0000000081100000, 0x0000000081200000|  0%| F|  |TAMS 0x0000000081100000, 0x0000000081100000| Untracked 
|  18|0x0000000081200000, 0x0000000081300000, 0x0000000081300000|100%| O|  |TAMS 0x0000000081200000, 0x0000000081200000| Untracked 
|  19|0x0000000081300000, 0x0000000081400000, 0x0000000081400000|100%| O|  |TAMS 0x0000000081300000, 0x0000000081300000| Untracked 
|  20|0x0000000081400000, 0x0000000081500000, 0x0000000081500000|100%| O|  |TAMS 0x0000000081400000, 0x0000000081400000| Untracked 
|  21|0x0000000081500000, 0x0000000081600000, 0x0000000081600000|100%| O|  |TAMS 0x0000000081500000, 0x0000000081500000| Untracked 
|  22|0x0000000081600000, 0x0000000081700000, 0x0000000081700000|100%| O|  |TAMS 0x0000000081600000, 0x0000000081600000| Untracked 
|  23|0x0000000081700000, 0x0000000081800000, 0x0000000081800000|100%| O|  |TAMS 0x0000000081700000, 0x0000000081700000| Untracked 
|  24|0x0000000081800000, 0x0000000081900000, 0x0000000081900000|100%| O|  |TAMS 0x0000000081800000, 0x0000000081800000| Untracked 
|  25|0x0000000081900000, 0x0000000081a00000, 0x0000000081a00000|100%| O|  |TAMS 0x0000000081900000, 0x0000000081900000| Untracked 
|  26|0x0000000081a00000, 0x0000000081b00000, 0x0000000081b00000|100%| O|  |TAMS 0x0000000081a00000, 0x0000000081a00000| Untracked 
|  27|0x0000000081b00000, 0x0000000081b7a000, 0x0000000081c00000| 47%| O|  |TAMS 0x0000000081b00000, 0x0000000081b00000| Untracked 
|  28|0x0000000081c00000, 0x0000000081c00000, 0x0000000081d00000|  0%| F|  |TAMS 0x0000000081c00000, 0x0000000081c00000| Untracked 
|  29|0x0000000081d00000, 0x0000000081d00000, 0x0000000081e00000|  0%| F|  |TAMS 0x0000000081d00000, 0x0000000081d00000| Untracked 
|  30|0x0000000081e00000, 0x0000000081e00000, 0x0000000081f00000|  0%| F|  |TAMS 0x0000000081e00000, 0x0000000081e00000| Untracked 
|  31|0x0000000081f00000, 0x0000000081f00000, 0x0000000082000000|  0%| F|  |TAMS 0x0000000081f00000, 0x0000000081f00000| Untracked 
|  32|0x0000000082000000, 0x0000000082000000, 0x0000000082100000|  0%| F|  |TAMS 0x0000000082000000, 0x0000000082000000| Untracked 
|  33|0x0000000082100000, 0x0000000082100000, 0x0000000082200000|  0%| F|  |TAMS 0x0000000082100000, 0x0000000082100000| Untracked 
|  34|0x0000000082200000, 0x0000000082200000, 0x0000000082300000|  0%| F|  |TAMS 0x0000000082200000, 0x0000000082200000| Untracked 
|  35|0x0000000082300000, 0x0000000082300000, 0x0000000082400000|  0%| F|  |TAMS 0x0000000082300000, 0x0000000082300000| Untracked 
|  36|0x0000000082400000, 0x0000000082400000, 0x0000000082500000|  0%| F|  |TAMS 0x0000000082400000, 0x0000000082400000| Untracked 
|  37|0x0000000082500000, 0x0000000082500000, 0x0000000082600000|  0%| F|  |TAMS 0x0000000082500000, 0x0000000082500000| Untracked 
|  38|0x0000000082600000, 0x0000000082600000, 0x0000000082700000|  0%| F|  |TAMS 0x0000000082600000, 0x0000000082600000| Untracked 
|  39|0x0000000082700000, 0x0000000082700000, 0x0000000082800000|  0%| F|  |TAMS 0x0000000082700000, 0x0000000082700000| Untracked 
|  40|0x0000000082800000, 0x0000000082800000, 0x0000000082900000|  0%| F|  |TAMS 0x0000000082800000, 0x0000000082800000| Untracked 
|  41|0x0000000082900000, 0x0000000082900000, 0x0000000082a00000|  0%| F|  |TAMS 0x0000000082900000, 0x0000000082900000| Untracked 
|  42|0x0000000082a00000, 0x0000000082a00000, 0x0000000082b00000|  0%| F|  |TAMS 0x0000000082a00000, 0x0000000082a00000| Untracked 
|  43|0x0000000082b00000, 0x0000000082b00000, 0x0000000082c00000|  0%| F|  |TAMS 0x0000000082b00000, 0x0000000082b00000| Untracked 
|  44|0x0000000082c00000, 0x0000000082c00000, 0x0000000082d00000|  0%| F|  |TAMS 0x0000000082c00000, 0x0000000082c00000| Untracked 
|  45|0x0000000082d00000, 0x0000000082d00000, 0x0000000082e00000|  0%| F|  |TAMS 0x0000000082d00000, 0x0000000082d00000| Untracked 
|  46|0x0000000082e00000, 0x0000000082e00000, 0x0000000082f00000|  0%| F|  |TAMS 0x0000000082e00000, 0x0000000082e00000| Untracked 
|  47|0x0000000082f00000, 0x0000000082f00000, 0x0000000083000000|  0%| F|  |TAMS 0x0000000082f00000, 0x0000000082f00000| Untracked 
|  48|0x0000000083000000, 0x0000000083000000, 0x0000000083100000|  0%| F|  |TAMS 0x0000000083000000, 0x0000000083000000| Untracked 
|  49|0x0000000083100000, 0x0000000083100000, 0x0000000083200000|  0%| F|  |TAMS 0x0000000083100000, 0x0000000083100000| Untracked 
|  50|0x0000000083200000, 0x0000000083200000, 0x0000000083300000|  0%| F|  |TAMS 0x0000000083200000, 0x0000000083200000| Untracked 
|  51|0x0000000083300000, 0x0000000083300000, 0x0000000083400000|  0%| F|  |TAMS 0x0000000083300000, 0x0000000083300000| Untracked 
|  52|0x0000000083400000, 0x0000000083400000, 0x0000000083500000|  0%| F|  |TAMS 0x0000000083400000, 0x0000000083400000| Untracked 
|  53|0x0000000083500000, 0x0000000083500000, 0x0000000083600000|  0%| F|  |TAMS 0x0000000083500000, 0x0000000083500000| Untracked 
|  54|0x0000000083600000, 0x0000000083700000, 0x0000000083700000|100%| S|CS|TAMS 0x0000000083600000, 0x0000000083600000| Complete 
|  55|0x0000000083700000, 0x0000000083800000, 0x0000000083800000|100%| S|CS|TAMS 0x0000000083700000, 0x0000000083700000| Complete 
|  56|0x0000000083800000, 0x0000000083900000, 0x0000000083900000|100%| S|CS|TAMS 0x0000000083800000, 0x0000000083800000| Complete 
|  57|0x0000000083900000, 0x0000000083a00000, 0x0000000083a00000|100%| S|CS|TAMS 0x0000000083900000, 0x0000000083900000| Complete 
|  58|0x0000000083a00000, 0x0000000083b00000, 0x0000000083b00000|100%| S|CS|TAMS 0x0000000083a00000, 0x0000000083a00000| Complete 
|  59|0x0000000083b00000, 0x0000000083b00000, 0x0000000083c00000|  0%| F|  |TAMS 0x0000000083b00000, 0x0000000083b00000| Untracked 
|  60|0x0000000083c00000, 0x0000000083c00000, 0x0000000083d00000|  0%| F|  |TAMS 0x0000000083c00000, 0x0000000083c00000| Untracked 
|  61|0x0000000083d00000, 0x0000000083d00000, 0x0000000083e00000|  0%| F|  |TAMS 0x0000000083d00000, 0x0000000083d00000| Untracked 
|  62|0x0000000083e00000, 0x0000000083e00000, 0x0000000083f00000|  0%| F|  |TAMS 0x0000000083e00000, 0x0000000083e00000| Untracked 
|  63|0x0000000083f00000, 0x0000000083f00000, 0x0000000084000000|  0%| F|  |TAMS 0x0000000083f00000, 0x0000000083f00000| Untracked 
|  64|0x0000000084000000, 0x0000000084000000, 0x0000000084100000|  0%| F|  |TAMS 0x0000000084000000, 0x0000000084000000| Untracked 
|  65|0x0000000084100000, 0x0000000084100000, 0x0000000084200000|  0%| F|  |TAMS 0x0000000084100000, 0x0000000084100000| Untracked 
|  66|0x0000000084200000, 0x0000000084200000, 0x0000000084300000|  0%| F|  |TAMS 0x0000000084200000, 0x0000000084200000| Untracked 
|  67|0x0000000084300000, 0x0000000084300000, 0x0000000084400000|  0%| F|  |TAMS 0x0000000084300000, 0x0000000084300000| Untracked 
|  68|0x0000000084400000, 0x0000000084400000, 0x0000000084500000|  0%| F|  |TAMS 0x0000000084400000, 0x0000000084400000| Untracked 
|  69|0x0000000084500000, 0x0000000084500000, 0x0000000084600000|  0%| F|  |TAMS 0x0000000084500000, 0x0000000084500000| Untracked 
|  70|0x0000000084600000, 0x0000000084600000, 0x0000000084700000|  0%| F|  |TAMS 0x0000000084600000, 0x0000000084600000| Untracked 
|  71|0x0000000084700000, 0x0000000084700000, 0x0000000084800000|  0%| F|  |TAMS 0x0000000084700000, 0x0000000084700000| Untracked 
|  72|0x0000000084800000, 0x0000000084800000, 0x0000000084900000|  0%| F|  |TAMS 0x0000000084800000, 0x0000000084800000| Untracked 
|  73|0x0000000084900000, 0x0000000084900000, 0x0000000084a00000|  0%| F|  |TAMS 0x0000000084900000, 0x0000000084900000| Untracked 
|  74|0x0000000084a00000, 0x0000000084a00000, 0x0000000084b00000|  0%| F|  |TAMS 0x0000000084a00000, 0x0000000084a00000| Untracked 
|  75|0x0000000084b00000, 0x0000000084b00000, 0x0000000084c00000|  0%| F|  |TAMS 0x0000000084b00000, 0x0000000084b00000| Untracked 
|  76|0x0000000084c00000, 0x0000000084c80800, 0x0000000084d00000| 50%| E|  |TAMS 0x0000000084c00000, 0x0000000084c00000| Complete 
|  77|0x0000000084d00000, 0x0000000084e00000, 0x0000000084e00000|100%| E|CS|TAMS 0x0000000084d00000, 0x0000000084d00000| Complete 
|  78|0x0000000084e00000, 0x0000000084f00000, 0x0000000084f00000|100%| E|CS|TAMS 0x0000000084e00000, 0x0000000084e00000| Complete 
|  79|0x0000000084f00000, 0x0000000085000000, 0x0000000085000000|100%| E|CS|TAMS 0x0000000084f00000, 0x0000000084f00000| Complete 
|  80|0x0000000085000000, 0x0000000085100000, 0x0000000085100000|100%| E|CS|TAMS 0x0000000085000000, 0x0000000085000000| Complete 
|  81|0x0000000085100000, 0x0000000085200000, 0x0000000085200000|100%| E|CS|TAMS 0x0000000085100000, 0x0000000085100000| Complete 
|  82|0x0000000085200000, 0x0000000085300000, 0x0000000085300000|100%| E|CS|TAMS 0x0000000085200000, 0x0000000085200000| Complete 
|  83|0x0000000085300000, 0x0000000085400000, 0x0000000085400000|100%| E|CS|TAMS 0x0000000085300000, 0x0000000085300000| Complete 
|  84|0x0000000085400000, 0x0000000085500000, 0x0000000085500000|100%| E|CS|TAMS 0x0000000085400000, 0x0000000085400000| Complete 
|  85|0x0000000085500000, 0x0000000085600000, 0x0000000085600000|100%| E|CS|TAMS 0x0000000085500000, 0x0000000085500000| Complete 
|  86|0x0000000085600000, 0x0000000085700000, 0x0000000085700000|100%| E|CS|TAMS 0x0000000085600000, 0x0000000085600000| Complete 
|  87|0x0000000085700000, 0x0000000085800000, 0x0000000085800000|100%| E|CS|TAMS 0x0000000085700000, 0x0000000085700000| Complete 
|  88|0x0000000085800000, 0x0000000085900000, 0x0000000085900000|100%| E|CS|TAMS 0x0000000085800000, 0x0000000085800000| Complete 
|  89|0x0000000085900000, 0x0000000085a00000, 0x0000000085a00000|100%| E|CS|TAMS 0x0000000085900000, 0x0000000085900000| Complete 
|  90|0x0000000085a00000, 0x0000000085b00000, 0x0000000085b00000|100%| E|CS|TAMS 0x0000000085a00000, 0x0000000085a00000| Complete 
|  91|0x0000000085b00000, 0x0000000085c00000, 0x0000000085c00000|100%| E|CS|TAMS 0x0000000085b00000, 0x0000000085b00000| Complete 
|  92|0x0000000085c00000, 0x0000000085d00000, 0x0000000085d00000|100%| E|CS|TAMS 0x0000000085c00000, 0x0000000085c00000| Complete 
|  93|0x0000000085d00000, 0x0000000085e00000, 0x0000000085e00000|100%| E|CS|TAMS 0x0000000085d00000, 0x0000000085d00000| Complete 
|  94|0x0000000085e00000, 0x0000000085f00000, 0x0000000085f00000|100%| E|CS|TAMS 0x0000000085e00000, 0x0000000085e00000| Complete 
|  95|0x0000000085f00000, 0x0000000086000000, 0x0000000086000000|100%| E|CS|TAMS 0x0000000085f00000, 0x0000000085f00000| Complete 
|  96|0x0000000086000000, 0x0000000086100000, 0x0000000086100000|100%| E|CS|TAMS 0x0000000086000000, 0x0000000086000000| Complete 
|  97|0x0000000086100000, 0x0000000086200000, 0x0000000086200000|100%| E|CS|TAMS 0x0000000086100000, 0x0000000086100000| Complete 
|  98|0x0000000086200000, 0x0000000086300000, 0x0000000086300000|100%| E|CS|TAMS 0x0000000086200000, 0x0000000086200000| Complete 
|  99|0x0000000086300000, 0x0000000086400000, 0x0000000086400000|100%| E|CS|TAMS 0x0000000086300000, 0x0000000086300000| Complete 
| 100|0x0000000086400000, 0x0000000086500000, 0x0000000086500000|100%| E|CS|TAMS 0x0000000086400000, 0x0000000086400000| Complete 
| 101|0x0000000086500000, 0x0000000086600000, 0x0000000086600000|100%| E|CS|TAMS 0x0000000086500000, 0x0000000086500000| Complete 
| 102|0x0000000086600000, 0x0000000086700000, 0x0000000086700000|100%| E|CS|TAMS 0x0000000086600000, 0x0000000086600000| Complete 
| 103|0x0000000086700000, 0x0000000086800000, 0x0000000086800000|100%| E|CS|TAMS 0x0000000086700000, 0x0000000086700000| Complete 
| 104|0x0000000086800000, 0x0000000086900000, 0x0000000086900000|100%| E|CS|TAMS 0x0000000086800000, 0x0000000086800000| Complete 
| 105|0x0000000086900000, 0x0000000086a00000, 0x0000000086a00000|100%| E|CS|TAMS 0x0000000086900000, 0x0000000086900000| Complete 
| 106|0x0000000086a00000, 0x0000000086b00000, 0x0000000086b00000|100%| E|CS|TAMS 0x0000000086a00000, 0x0000000086a00000| Complete 
| 107|0x0000000086b00000, 0x0000000086c00000, 0x0000000086c00000|100%| E|CS|TAMS 0x0000000086b00000, 0x0000000086b00000| Complete 
| 108|0x0000000086c00000, 0x0000000086d00000, 0x0000000086d00000|100%| E|CS|TAMS 0x0000000086c00000, 0x0000000086c00000| Complete 
| 109|0x0000000086d00000, 0x0000000086e00000, 0x0000000086e00000|100%| E|CS|TAMS 0x0000000086d00000, 0x0000000086d00000| Complete 
| 110|0x0000000086e00000, 0x0000000086f00000, 0x0000000086f00000|100%| E|CS|TAMS 0x0000000086e00000, 0x0000000086e00000| Complete 
| 111|0x0000000086f00000, 0x0000000087000000, 0x0000000087000000|100%| E|CS|TAMS 0x0000000086f00000, 0x0000000086f00000| Complete 
| 112|0x0000000087000000, 0x0000000087100000, 0x0000000087100000|100%| E|CS|TAMS 0x0000000087000000, 0x0000000087000000| Complete 
| 113|0x0000000087100000, 0x0000000087200000, 0x0000000087200000|100%| E|CS|TAMS 0x0000000087100000, 0x0000000087100000| Complete 
| 114|0x0000000087200000, 0x0000000087300000, 0x0000000087300000|100%| E|CS|TAMS 0x0000000087200000, 0x0000000087200000| Complete 
| 115|0x0000000087300000, 0x0000000087400000, 0x0000000087400000|100%| E|CS|TAMS 0x0000000087300000, 0x0000000087300000| Complete 
| 116|0x0000000087400000, 0x0000000087500000, 0x0000000087500000|100%| E|CS|TAMS 0x0000000087400000, 0x0000000087400000| Complete 
| 117|0x0000000087500000, 0x0000000087600000, 0x0000000087600000|100%| E|CS|TAMS 0x0000000087500000, 0x0000000087500000| Complete 
| 118|0x0000000087600000, 0x0000000087700000, 0x0000000087700000|100%| E|CS|TAMS 0x0000000087600000, 0x0000000087600000| Complete 
| 119|0x0000000087700000, 0x0000000087800000, 0x0000000087800000|100%| E|CS|TAMS 0x0000000087700000, 0x0000000087700000| Complete 
| 120|0x0000000087800000, 0x0000000087900000, 0x0000000087900000|100%| E|CS|TAMS 0x0000000087800000, 0x0000000087800000| Complete 
| 121|0x0000000087900000, 0x0000000087a00000, 0x0000000087a00000|100%| E|CS|TAMS 0x0000000087900000, 0x0000000087900000| Complete 
| 122|0x0000000087a00000, 0x0000000087b00000, 0x0000000087b00000|100%| E|CS|TAMS 0x0000000087a00000, 0x0000000087a00000| Complete 
| 123|0x0000000087b00000, 0x0000000087c00000, 0x0000000087c00000|100%| E|CS|TAMS 0x0000000087b00000, 0x0000000087b00000| Complete 

Card table byte_map: [0x0000020a8f730000,0x0000020a8fb30000] _byte_map_base: 0x0000020a8f330000

Marking Bits (Prev, Next): (CMBitMap*) 0x0000020af78e5a98, (CMBitMap*) 0x0000020af78e5ad0
 Prev Bits: [0x0000020a8ff30000, 0x0000020a91f30000)
 Next Bits: [0x0000020a91f30000, 0x0000020a93f30000)

Polling page: 0x0000020af7070000

Metaspace:

Usage:
  Non-class:     48.82 MB capacity,    48.05 MB ( 98%) used,   644.39 KB (  1%) free+waste,   151.44 KB ( <1%) overhead. 
      Class:      7.74 MB capacity,     7.17 MB ( 93%) used,   514.04 KB (  6%) free+waste,    73.44 KB ( <1%) overhead. 
       Both:     56.57 MB capacity,    55.21 MB ( 98%) used,     1.13 MB (  2%) free+waste,   224.88 KB ( <1%) overhead. 

Virtual space:
  Non-class space:       50.00 MB reserved,      48.95 MB ( 98%) committed 
      Class space:      504.00 MB reserved,       7.75 MB (  2%) committed 
             Both:      554.00 MB reserved,      56.70 MB ( 10%) committed 

Chunk freelists:
   Non-Class:  2.00 KB
       Class:  7.00 KB
        Both:  9.00 KB

MaxMetaspaceSize: 512.00 MB
CompressedClassSpaceSize: 504.00 MB
Initial GC threshold: 20.80 MB
Current GC threshold: 58.88 MB
CDS: off

CodeHeap 'non-profiled nmethods': size=120000Kb used=2335Kb max_used=2335Kb free=117664Kb
 bounds [0x0000020a87ad0000, 0x0000020a87d40000, 0x0000020a8f000000]
CodeHeap 'profiled nmethods': size=120000Kb used=10131Kb max_used=10131Kb free=109868Kb
 bounds [0x0000020a805a0000, 0x0000020a80f90000, 0x0000020a87ad0000]
CodeHeap 'non-nmethods': size=5760Kb used=2349Kb max_used=2367Kb free=3410Kb
 bounds [0x0000020a80000000, 0x0000020a80270000, 0x0000020a805a0000]
 total_blobs=5697 nmethods=4849 adapters=760
 compilation: enabled
              stopped_count=0, restarted_count=0
 full_count=0

Compilation events (20 events):
Event: 21.270 Thread 0x0000020a9698f800 4916       4       java.lang.String::toLowerCase (29 bytes)
Event: 21.270 Thread 0x0000020a9699c000 nmethod 4944 0x0000020a80f7fd90 code [0x0000020a80f7ff80, 0x0000020a80f80418]
Event: 21.285 Thread 0x0000020a9699c000 4945       3       com.sun.crypto.provider.AESCrypt::mul4 (181 bytes)
Event: 21.285 Thread 0x0000020a9699c000 nmethod 4945 0x0000020a80f80590 code [0x0000020a80f80800, 0x0000020a80f81358]
Event: 21.294 Thread 0x0000020a9698f800 nmethod 4916 0x0000020a87d16b90 code [0x0000020a87d16d80, 0x0000020a87d17568]
Event: 21.294 Thread 0x0000020a9698f800 4933       4       sun.security.util.math.intpoly.IntegerPolynomial::carry (36 bytes)
Event: 21.298 Thread 0x0000020a9699c000 4946       3       java.lang.invoke.MethodType::dropParameterTypes (162 bytes)
Event: 21.300 Thread 0x0000020a9699c000 nmethod 4946 0x0000020a80f81910 code [0x0000020a80f81c40, 0x0000020a80f82da8]
Event: 21.302 Thread 0x0000020a9698f800 nmethod 4933 0x0000020a87d17a10 code [0x0000020a87d17ba0, 0x0000020a87d17db8]
Event: 21.374 Thread 0x0000020a9699c000 4947       3       java.security.MessageDigest$Delegate::<init> (11 bytes)
Event: 21.375 Thread 0x0000020a9699c000 nmethod 4947 0x0000020a80f83310 code [0x0000020a80f834e0, 0x0000020a80f837b8]
Event: 21.375 Thread 0x0000020a9699c000 4948       3       java.security.MessageDigest::<init> (15 bytes)
Event: 21.375 Thread 0x0000020a9699c000 nmethod 4948 0x0000020a80f83910 code [0x0000020a80f83ac0, 0x0000020a80f83cd8]
Event: 21.376 Thread 0x0000020a9698f800 4949  s!   4       jdk.internal.loader.URLClassPath::getLoader (194 bytes)
Event: 21.541 Thread 0x0000020a9699c000 4950       3       java.lang.management.ManagementFactory$$Lambda$61/0x0000000100161840::apply (12 bytes)
Event: 21.541 Thread 0x0000020a9699c000 nmethod 4950 0x0000020a80f83d90 code [0x0000020a80f83f80, 0x0000020a80f84358]
Event: 21.542 Thread 0x0000020a9699c000 4951       3       java.lang.management.ManagementFactory::lambda$getPlatformMXBeans$3 (13 bytes)
Event: 21.542 Thread 0x0000020a9699c000 nmethod 4951 0x0000020a80f84490 code [0x0000020a80f84660, 0x0000020a80f848b8]
Event: 21.542 Thread 0x0000020a9699c000 4952       3       java.util.Spliterators::emptySpliterator (4 bytes)
Event: 21.542 Thread 0x0000020a9699c000 nmethod 4952 0x0000020a80f84990 code [0x0000020a80f84b40, 0x0000020a80f84c38]

GC Heap History (18 events):
Event: 3.026 GC heap before
{Heap before GC invocations=0 (full 0):
 garbage-first heap   total 126976K, used 29696K [0x0000000080000000, 0x0000000100000000)
  region size 1024K, 24 young (24576K), 0 survivors (0K)
 Metaspace       used 9743K, capacity 9904K, committed 10112K, reserved 526336K
  class space    used 1008K, capacity 1069K, committed 1152K, reserved 516096K
}
Event: 3.044 GC heap after
{Heap after GC invocations=1 (full 0):
 garbage-first heap   total 126976K, used 9399K [0x0000000080000000, 0x0000000100000000)
  region size 1024K, 3 young (3072K), 3 survivors (3072K)
 Metaspace       used 9743K, capacity 9904K, committed 10112K, reserved 526336K
  class space    used 1008K, capacity 1069K, committed 1152K, reserved 516096K
}
Event: 7.118 GC heap before
{Heap before GC invocations=1 (full 0):
 garbage-first heap   total 126976K, used 83127K [0x0000000080000000, 0x0000000100000000)
  region size 1024K, 74 young (75776K), 3 survivors (3072K)
 Metaspace       used 17095K, capacity 17464K, committed 17792K, reserved 532480K
  class space    used 1974K, capacity 2098K, committed 2176K, reserved 516096K
}
Event: 7.128 GC heap after
{Heap after GC invocations=2 (full 0):
 garbage-first heap   total 126976K, used 16359K [0x0000000080000000, 0x0000000100000000)
  region size 1024K, 10 young (10240K), 10 survivors (10240K)
 Metaspace       used 17095K, capacity 17464K, committed 17792K, reserved 532480K
  class space    used 1974K, capacity 2098K, committed 2176K, reserved 516096K
}
Event: 7.728 GC heap before
{Heap before GC invocations=2 (full 0):
 garbage-first heap   total 126976K, used 45031K [0x0000000080000000, 0x0000000100000000)
  region size 1024K, 40 young (40960K), 10 survivors (10240K)
 Metaspace       used 20671K, capacity 21073K, committed 21248K, reserved 534528K
  class space    used 2506K, capacity 2690K, committed 2816K, reserved 516096K
}
Event: 7.738 GC heap after
{Heap after GC invocations=3 (full 0):
 garbage-first heap   total 126976K, used 17497K [0x0000000080000000, 0x0000000100000000)
  region size 1024K, 2 young (2048K), 2 survivors (2048K)
 Metaspace       used 20671K, capacity 21073K, committed 21248K, reserved 534528K
  class space    used 2506K, capacity 2690K, committed 2816K, reserved 516096K
}
Event: 8.879 GC heap before
{Heap before GC invocations=4 (full 0):
 garbage-first heap   total 126976K, used 69721K [0x0000000080000000, 0x0000000100000000)
  region size 1024K, 54 young (55296K), 2 survivors (2048K)
 Metaspace       used 26320K, capacity 26953K, committed 27008K, reserved 540672K
  class space    used 3441K, capacity 3660K, committed 3712K, reserved 516096K
}
Event: 8.882 GC heap after
{Heap after GC invocations=5 (full 0):
 garbage-first heap   total 126976K, used 19246K [0x0000000080000000, 0x0000000100000000)
  region size 1024K, 4 young (4096K), 4 survivors (4096K)
 Metaspace       used 26320K, capacity 26953K, committed 27008K, reserved 540672K
  class space    used 3441K, capacity 3660K, committed 3712K, reserved 516096K
}
Event: 10.042 GC heap before
{Heap before GC invocations=5 (full 0):
 garbage-first heap   total 126976K, used 77614K [0x0000000080000000, 0x0000000100000000)
  region size 1024K, 61 young (62464K), 4 survivors (4096K)
 Metaspace       used 31952K, capacity 32660K, committed 32768K, reserved 544768K
  class space    used 4293K, capacity 4565K, committed 4608K, reserved 516096K
}
Event: 10.047 GC heap after
{Heap after GC invocations=6 (full 0):
 garbage-first heap   total 126976K, used 21199K [0x0000000080000000, 0x0000000100000000)
  region size 1024K, 6 young (6144K), 6 survivors (6144K)
 Metaspace       used 31952K, capacity 32660K, committed 32768K, reserved 544768K
  class space    used 4293K, capacity 4565K, committed 4608K, reserved 516096K
}
Event: 10.369 GC heap before
{Heap before GC invocations=6 (full 0):
 garbage-first heap   total 126976K, used 27343K [0x0000000080000000, 0x0000000100000000)
  region size 1024K, 13 young (13312K), 6 survivors (6144K)
 Metaspace       used 34920K, capacity 35703K, committed 35840K, reserved 548864K
  class space    used 4541K, capacity 4854K, committed 4864K, reserved 516096K
}
Event: 10.382 GC heap after
{Heap after GC invocations=7 (full 0):
 garbage-first heap   total 126976K, used 22591K [0x0000000080000000, 0x0000000100000000)
  region size 1024K, 6 young (6144K), 6 survivors (6144K)
 Metaspace       used 34920K, capacity 35703K, committed 35840K, reserved 548864K
  class space    used 4541K, capacity 4854K, committed 4864K, reserved 516096K
}
Event: 11.802 GC heap before
{Heap before GC invocations=8 (full 0):
 garbage-first heap   total 126976K, used 90175K [0x0000000080000000, 0x0000000100000000)
  region size 1024K, 69 young (70656K), 6 survivors (6144K)
 Metaspace       used 40333K, capacity 41269K, committed 41292K, reserved 552960K
  class space    used 5140K, capacity 5492K, committed 5504K, reserved 516096K
}
Event: 11.812 GC heap after
{Heap after GC invocations=9 (full 0):
 garbage-first heap   total 126976K, used 27907K [0x0000000080000000, 0x0000000100000000)
  region size 1024K, 9 young (9216K), 9 survivors (9216K)
 Metaspace       used 40333K, capacity 41269K, committed 41292K, reserved 552960K
  class space    used 5140K, capacity 5492K, committed 5504K, reserved 516096K
}
Event: 18.794 GC heap before
{Heap before GC invocations=9 (full 0):
 garbage-first heap   total 126976K, used 91395K [0x0000000080000000, 0x0000000100000000)
  region size 1024K, 70 young (71680K), 9 survivors (9216K)
 Metaspace       used 44651K, capacity 45815K, committed 45900K, reserved 557056K
  class space    used 5726K, capacity 6206K, committed 6272K, reserved 516096K
}
Event: 18.805 GC heap after
{Heap after GC invocations=10 (full 0):
 garbage-first heap   total 126976K, used 30712K [0x0000000080000000, 0x0000000100000000)
  region size 1024K, 4 young (4096K), 4 survivors (4096K)
 Metaspace       used 44651K, capacity 45815K, committed 45900K, reserved 557056K
  class space    used 5726K, capacity 6206K, committed 6272K, reserved 516096K
}
Event: 19.841 GC heap before
{Heap before GC invocations=10 (full 0):
 garbage-first heap   total 126976K, used 93176K [0x0000000080000000, 0x0000000100000000)
  region size 1024K, 65 young (66560K), 4 survivors (4096K)
 Metaspace       used 49376K, capacity 50686K, committed 51020K, reserved 561152K
  class space    used 6428K, capacity 6953K, committed 7040K, reserved 516096K
}
Event: 19.847 GC heap after
{Heap after GC invocations=11 (full 0):
 garbage-first heap   total 126976K, used 32232K [0x0000000080000000, 0x0000000100000000)
  region size 1024K, 5 young (5120K), 5 survivors (5120K)
 Metaspace       used 49376K, capacity 50686K, committed 51020K, reserved 561152K
  class space    used 6428K, capacity 6953K, committed 7040K, reserved 516096K
}

Deoptimization events (20 events):
Event: 21.169 Thread 0x0000020a985f3800 DEOPT PACKING pc=0x0000020a87bc9850 sp=0x000000208faf5630
Event: 21.169 Thread 0x0000020a985f3800 DEOPT UNPACKING pc=0x0000020a800085af sp=0x000000208faf5580 mode 2
Event: 21.169 Thread 0x0000020a985f3800 Uncommon trap: trap_request=0xffffff4d fr.pc=0x0000020a87afd688 relative=0x00000000000001c8
Event: 21.169 Thread 0x0000020a985f3800 Uncommon trap: reason=unstable_if action=reinterpret pc=0x0000020a87afd688 method=java.lang.AbstractStringBuilder.isLatin1()Z @ 10 c2
Event: 21.169 Thread 0x0000020a985f3800 DEOPT PACKING pc=0x0000020a87afd688 sp=0x000000208faf5530
Event: 21.169 Thread 0x0000020a985f3800 DEOPT UNPACKING pc=0x0000020a800085af sp=0x000000208faf5470 mode 2
Event: 21.169 Thread 0x0000020a985f3800 Uncommon trap: trap_request=0xffffff4d fr.pc=0x0000020a87b3bfc0 relative=0x0000000000000380
Event: 21.169 Thread 0x0000020a985f3800 Uncommon trap: reason=unstable_if action=reinterpret pc=0x0000020a87b3bfc0 method=java.lang.AbstractStringBuilder.isLatin1()Z @ 10 c2
Event: 21.169 Thread 0x0000020a985f3800 DEOPT PACKING pc=0x0000020a87b3bfc0 sp=0x000000208faf5a70
Event: 21.169 Thread 0x0000020a985f3800 DEOPT UNPACKING pc=0x0000020a800085af sp=0x000000208faf59f0 mode 2
Event: 21.170 Thread 0x0000020a985f3800 Uncommon trap: trap_request=0xffffff4d fr.pc=0x0000020a87ae6804 relative=0x00000000000002c4
Event: 21.170 Thread 0x0000020a985f3800 Uncommon trap: reason=unstable_if action=reinterpret pc=0x0000020a87ae6804 method=java.lang.String.getChars(II[CI)V @ 23 c2
Event: 21.170 Thread 0x0000020a985f3800 DEOPT PACKING pc=0x0000020a87ae6804 sp=0x000000208faf5c30
Event: 21.170 Thread 0x0000020a985f3800 DEOPT UNPACKING pc=0x0000020a800085af sp=0x000000208faf5bc8 mode 2
Event: 21.171 Thread 0x0000020a985f3800 Uncommon trap: trap_request=0xffffff4d fr.pc=0x0000020a87b23218 relative=0x0000000000000458
Event: 21.171 Thread 0x0000020a985f3800 Uncommon trap: reason=unstable_if action=reinterpret pc=0x0000020a87b23218 method=java.lang.String.substring(II)Ljava/lang/String; @ 31 c2
Event: 21.171 Thread 0x0000020a985f3800 DEOPT PACKING pc=0x0000020a87b23218 sp=0x000000208faf59e0
Event: 21.171 Thread 0x0000020a985f3800 DEOPT UNPACKING pc=0x0000020a800085af sp=0x000000208faf59b0 mode 2
Event: 21.189 Thread 0x0000020a985f3800 DEOPT PACKING pc=0x0000020a80b51396 sp=0x000000208faf3610
Event: 21.189 Thread 0x0000020a985f3800 DEOPT UNPACKING pc=0x0000020a80049d0e sp=0x000000208faf2b28 mode 0

Classes redefined (0 events):
No events

Internal exceptions (20 events):
Event: 18.208 Thread 0x0000020a985f3800 Exception <a 'java/lang/NoSuchMethodError'{0x00000000863085b0}: 'java.lang.Object java.lang.invoke.DirectMethodHandle$Holder.invokeSpecial(java.lang.Object, java.lang.Object, java.lang.Object, java.lang.Object, java.lang.Object, java.lang.Object, java.lang.Object, java.lang.Object, java.lang.Object, java.lang.Object)'> (0x00000000863085b0) thrown at [./src/hotspot/share/interpreter/linkResolver.cpp, line 773]
Event: 18.209 Thread 0x0000020a985f3800 Exception <a 'java/lang/NoSuchMethodError'{0x0000000086310ce0}: 'java.lang.Object java.lang.invoke.Invokers$Holder.invoker(java.lang.Object, java.lang.Object, java.lang.Object, java.lang.Object, java.lang.Object, java.lang.Object, java.lang.Object, java.lang.Object, java.lang.Object)'> (0x0000000086310ce0) thrown at [./src/hotspot/share/interpreter/linkResolver.cpp, line 773]
Event: 18.242 Thread 0x0000020a985f3800 Exception <a 'java/lang/NoSuchMethodError'{0x00000000862b72a0}: 'java.lang.Object java.lang.invoke.DelegatingMethodHandle$Holder.reinvoke_L(java.lang.Object, java.lang.Object, java.lang.Object, java.lang.Object, java.lang.Object, java.lang.Object, java.lang.Object, java.lang.Object, java.lang.Object, java.lang.Object, java.lang.Object, java.lang.Object, java.lang.Object, java.lang.Object, java.lang.Object, java.lang.Object, java.lang.Object, java.lang.Object, java.lang.Object, java.lang.Object, java.lang.O
Event: 18.242 Thread 0x0000020a985f3800 Exception <a 'java/lang/NoSuchMethodError'{0x00000000862c2c58}: 'java.lang.Object java.lang.invoke.Invokers$Holder.invoker(java.lang.Object, java.lang.Object, java.lang.Object, java.lang.Object, java.lang.Object, java.lang.Object, java.lang.Object, java.lang.Object, java.lang.Object, java.lang.Object, java.lang.Object, java.lang.Object, java.lang.Object, java.lang.Object, java.lang.Object, java.lang.Object, java.lang.Object, java.lang.Object, java.lang.Object, java.lang.Object, java.lang.Object)'> (0x00000
Event: 18.243 Thread 0x0000020a985f3800 Exception <a 'java/lang/NoSuchMethodError'{0x00000000862c9c80}: 'java.lang.Object java.lang.invoke.DelegatingMethodHandle$Holder.delegate(java.lang.Object, java.lang.Object, java.lang.Object, java.lang.Object, java.lang.Object, java.lang.Object, java.lang.Object, java.lang.Object, java.lang.Object, java.lang.Object, java.lang.Object, java.lang.Object, java.lang.Object, java.lang.Object, java.lang.Object, java.lang.Object, java.lang.Object, java.lang.Object, java.lang.Object, java.lang.Object, java.lang.Obj
Event: 18.250 Thread 0x0000020a985f3800 Exception <a 'java/lang/NoSuchMethodError'{0x0000000086112998}: 'java.lang.Object java.lang.invoke.DirectMethodHandle$Holder.invokeStatic(java.lang.Object, java.lang.Object, java.lang.Object, java.lang.Object, java.lang.Object, java.lang.Object, java.lang.Object, java.lang.Object, java.lang.Object, java.lang.Object, java.lang.Object, java.lang.Object, java.lang.Object, java.lang.Object, java.lang.Object)'> (0x0000000086112998) thrown at [./src/hotspot/share/interpreter/linkResolver.cpp, line 773]
Event: 18.253 Thread 0x0000020a985f3800 Exception <a 'java/lang/NoSuchMethodError'{0x0000000086122fa8}: 'java.lang.Object java.lang.invoke.DirectMethodHandle$Holder.invokeStatic(java.lang.Object, java.lang.Object, java.lang.Object, java.lang.Object, java.lang.Object, java.lang.Object, java.lang.Object, java.lang.Object, java.lang.Object, java.lang.Object, java.lang.Object, java.lang.Object, java.lang.Object, java.lang.Object, java.lang.Object, java.lang.Object)'> (0x0000000086122fa8) thrown at [./src/hotspot/share/interpreter/linkResolver.cpp, l
Event: 18.254 Thread 0x0000020a985f3800 Exception <a 'java/lang/NoSuchMethodError'{0x0000000086133248}: 'java.lang.Object java.lang.invoke.DelegatingMethodHandle$Holder.reinvoke_L(java.lang.Object, java.lang.Object, java.lang.Object, java.lang.Object, java.lang.Object, java.lang.Object, java.lang.Object, java.lang.Object, java.lang.Object, java.lang.Object, java.lang.Object, java.lang.Object, java.lang.Object, java.lang.Object, java.lang.Object, java.lang.Object, java.lang.Object, java.lang.Object, java.lang.Object, java.lang.Object)'> (0x000000
Event: 18.387 Thread 0x0000020a985f3800 Exception <a 'java/lang/IncompatibleClassChangeError'{0x00000000854246b0}: Found class java.lang.Object, but interface was expected> (0x00000000854246b0) thrown at [./src/hotspot/share/interpreter/linkResolver.cpp, line 839]
Event: 18.523 Thread 0x0000020a985f3800 Exception <a 'java/lang/IncompatibleClassChangeError'{0x0000000084fe1970}: Found class java.lang.Object, but interface was expected> (0x0000000084fe1970) thrown at [./src/hotspot/share/interpreter/linkResolver.cpp, line 839]
Event: 18.564 Thread 0x0000020a985f3800 Exception <a 'java/lang/NoSuchMethodError'{0x0000000084c39510}: 'int java.lang.invoke.DirectMethodHandle$Holder.invokeStaticInit(java.lang.Object, java.lang.Object, java.lang.Object, java.lang.Object, java.lang.Object)'> (0x0000000084c39510) thrown at [./src/hotspot/share/interpreter/linkResolver.cpp, line 773]
Event: 18.815 Thread 0x0000020a985f3800 Exception <a 'java/lang/NoSuchMethodError'{0x0000000087bcc488}: 'void java.lang.invoke.DirectMethodHandle$Holder.invokeInterface(java.lang.Object, java.lang.Object)'> (0x0000000087bcc488) thrown at [./src/hotspot/share/interpreter/linkResolver.cpp, line 773]
Event: 18.848 Thread 0x0000020a985f3800 Exception <a 'java/lang/NoSuchMethodError'{0x000000008784b698}: 'java.lang.Object java.lang.invoke.DirectMethodHandle$Holder.invokeStatic(java.lang.Object, int, java.lang.Object)'> (0x000000008784b698) thrown at [./src/hotspot/share/interpreter/linkResolver.cpp, line 773]
Event: 19.278 Thread 0x0000020a985f3800 Implicit null exception at 0x0000020a87bb12f4 to 0x0000020a87bb1504
Event: 19.718 Thread 0x0000020a985f3800 Exception <a 'java/lang/IncompatibleClassChangeError'{0x000000008466b208}: Found class java.lang.Object, but interface was expected> (0x000000008466b208) thrown at [./src/hotspot/share/interpreter/linkResolver.cpp, line 839]
Event: 19.867 Thread 0x0000020a985f3800 Exception <a 'java/lang/NoSuchMethodError'{0x0000000087a62930}: 'int java.lang.invoke.DirectMethodHandle$Holder.invokeStaticInit(java.lang.Object)'> (0x0000000087a62930) thrown at [./src/hotspot/share/interpreter/linkResolver.cpp, line 773]
Event: 19.903 Thread 0x0000020a985f3800 Exception <a 'java/lang/NoSuchMethodError'{0x0000000087880800}: 'void java.lang.invoke.DirectMethodHandle$Holder.invokeStatic(java.lang.Object, java.lang.Object, java.lang.Object, int, java.lang.Object)'> (0x0000000087880800) thrown at [./src/hotspot/share/interpreter/linkResolver.cpp, line 773]
Event: 20.181 Thread 0x0000020a985f3800 Implicit null exception at 0x0000020a87b21ff4 to 0x0000020a87b2252c
Event: 20.310 Thread 0x0000020a985f3800 Exception <a 'sun/nio/fs/WindowsException'{0x0000000086b8bc50}> (0x0000000086b8bc50) thrown at [./src/hotspot/share/prims/jni.cpp, line 615]
Event: 20.321 Thread 0x0000020a985f3800 Implicit null exception at 0x0000020a87bfae44 to 0x0000020a87bfd82c

Events (20 events):
Event: 21.373 loading class sun/security/ssl/SSLCipher$T12GcmReadCipherGenerator$GcmReadCipher
Event: 21.373 loading class sun/security/ssl/SSLCipher$T12GcmReadCipherGenerator$GcmReadCipher done
Event: 21.374 loading class jdk/internal/event/TLSHandshakeEvent
Event: 21.375 loading class jdk/internal/event/TLSHandshakeEvent done
Event: 21.375 loading class javax/net/ssl/SSLEngineResult$HandshakeStatus
Event: 21.375 loading class javax/net/ssl/SSLEngineResult$HandshakeStatus done
Event: 21.375 loading class org/apache/http/conn/ssl/DefaultHostnameVerifier$HostNameType
Event: 21.375 loading class org/apache/http/conn/ssl/DefaultHostnameVerifier$HostNameType done
Event: 21.377 loading class org/apache/http/conn/ssl/SubjectName
Event: 21.377 loading class org/apache/http/conn/ssl/SubjectName done
Event: 21.378 loading class org/apache/http/conn/ssl/DefaultHostnameVerifier$1
Event: 21.378 loading class org/apache/http/conn/ssl/DefaultHostnameVerifier$1 done
Event: 21.379 loading class org/apache/http/conn/util/DnsUtils
Event: 21.379 loading class org/apache/http/conn/util/DnsUtils done
Event: 21.380 loading class org/apache/http/impl/auth/HttpAuthenticator$1
Event: 21.380 loading class org/apache/http/impl/auth/HttpAuthenticator$1 done
Event: 21.382 loading class org/apache/http/message/BasicListHeaderIterator
Event: 21.382 loading class org/apache/http/message/BasicListHeaderIterator done
Event: 21.383 loading class org/apache/http/FormattedHeader
Event: 21.383 loading class org/apache/http/FormattedHeader done


Dynamic libraries:
0x00007ff6a6230000 - 0x00007ff6a623d000 	C:\Program Files\Microsoft\jdk-11.0.12.7-hotspot\bin\java.exe
0x00007ffb8ba50000 - 0x00007ffb8bc64000 	C:\WINDOWS\SYSTEM32\ntdll.dll
0x00007ffb8a360000 - 0x00007ffb8a422000 	C:\WINDOWS\System32\KERNEL32.DLL
0x00007ffb89160000 - 0x00007ffb89503000 	C:\WINDOWS\System32\KERNELBASE.dll
0x00007ffb89730000 - 0x00007ffb89841000 	C:\WINDOWS\System32\ucrtbase.dll
0x00007ffb675b0000 - 0x00007ffb675c7000 	C:\Program Files\Microsoft\jdk-11.0.12.7-hotspot\bin\jli.dll
0x00007ffb67560000 - 0x00007ffb67575000 	C:\Program Files\Microsoft\jdk-11.0.12.7-hotspot\bin\VCRUNTIME140.dll
0x00007ffb89e30000 - 0x00007ffb89fdb000 	C:\WINDOWS\System32\USER32.dll
0x00007ffb89680000 - 0x00007ffb896a6000 	C:\WINDOWS\System32\win32u.dll
0x00007ffb70480000 - 0x00007ffb7070e000 	C:\WINDOWS\WinSxS\amd64_microsoft.windows.common-controls_6595b64144ccf1df_6.0.22621.1635_none_270f70857386168e\COMCTL32.dll
0x00007ffb8aaf0000 - 0x00007ffb8ab19000 	C:\WINDOWS\System32\GDI32.dll
0x00007ffb89040000 - 0x00007ffb89158000 	C:\WINDOWS\System32\gdi32full.dll
0x00007ffb88ee0000 - 0x00007ffb88f7a000 	C:\WINDOWS\System32\msvcp_win.dll
0x00007ffb8b5d0000 - 0x00007ffb8b677000 	C:\WINDOWS\System32\msvcrt.dll
0x00007ffb89850000 - 0x00007ffb89881000 	C:\WINDOWS\System32\IMM32.DLL
0x00007ffb4b2e0000 - 0x00007ffb4b37b000 	C:\Program Files\Microsoft\jdk-11.0.12.7-hotspot\bin\msvcp140.dll
0x00007ffb0a0a0000 - 0x00007ffb0ac01000 	C:\Program Files\Microsoft\jdk-11.0.12.7-hotspot\bin\server\jvm.dll
0x00007ffb8b520000 - 0x00007ffb8b5ce000 	C:\WINDOWS\System32\ADVAPI32.dll
0x00007ffb8a2b0000 - 0x00007ffb8a354000 	C:\WINDOWS\System32\sechost.dll
0x00007ffb8b770000 - 0x00007ffb8b887000 	C:\WINDOWS\System32\RPCRT4.dll
0x00007ffb89a90000 - 0x00007ffb89a98000 	C:\WINDOWS\System32\PSAPI.DLL
0x00007ffb81fa0000 - 0x00007ffb81fa9000 	C:\WINDOWS\SYSTEM32\WSOCK32.dll
0x00007ffb8a450000 - 0x00007ffb8a4c1000 	C:\WINDOWS\System32\WS2_32.dll
0x00007ffb81f60000 - 0x00007ffb81f94000 	C:\WINDOWS\SYSTEM32\WINMM.dll
0x00007ffb80830000 - 0x00007ffb8083a000 	C:\WINDOWS\SYSTEM32\VERSION.dll
0x00007ffb87ec0000 - 0x00007ffb87ed8000 	C:\WINDOWS\SYSTEM32\kernel.appcore.dll
0x00007ffb83b20000 - 0x00007ffb83b30000 	C:\Program Files\Microsoft\jdk-11.0.12.7-hotspot\bin\verify.dll
0x00007ffb867a0000 - 0x00007ffb869ce000 	C:\WINDOWS\SYSTEM32\DBGHELP.DLL
0x00007ffb89aa0000 - 0x00007ffb89e29000 	C:\WINDOWS\System32\combase.dll
0x00007ffb8b680000 - 0x00007ffb8b757000 	C:\WINDOWS\System32\OLEAUT32.dll
0x00007ffb6cf20000 - 0x00007ffb6cf52000 	C:\WINDOWS\SYSTEM32\dbgcore.DLL
0x00007ffb896b0000 - 0x00007ffb8972b000 	C:\WINDOWS\System32\bcryptPrimitives.dll
0x00007ffb594a0000 - 0x00007ffb594c8000 	C:\Program Files\Microsoft\jdk-11.0.12.7-hotspot\bin\java.dll
0x00007ffb6ef60000 - 0x00007ffb6ef6a000 	C:\Program Files\Microsoft\jdk-11.0.12.7-hotspot\bin\jimage.dll
0x00007ffb62890000 - 0x00007ffb628a7000 	C:\Program Files\Microsoft\jdk-11.0.12.7-hotspot\bin\zip.dll
0x00007ffb8ab20000 - 0x00007ffb8b31a000 	C:\WINDOWS\System32\SHELL32.dll
0x00007ffb86e70000 - 0x00007ffb8773e000 	C:\WINDOWS\SYSTEM32\windows.storage.dll
0x00007ffb86d30000 - 0x00007ffb86e6e000 	C:\WINDOWS\SYSTEM32\wintypes.dll
0x00007ffb89990000 - 0x00007ffb89a81000 	C:\WINDOWS\System32\SHCORE.dll
0x00007ffb89fe0000 - 0x00007ffb8a03e000 	C:\WINDOWS\System32\shlwapi.dll
0x00007ffb88da0000 - 0x00007ffb88dc1000 	C:\WINDOWS\SYSTEM32\profapi.dll
0x00007ffb5d810000 - 0x00007ffb5d829000 	C:\Program Files\Microsoft\jdk-11.0.12.7-hotspot\bin\net.dll
0x00007ffb81450000 - 0x00007ffb81587000 	C:\WINDOWS\SYSTEM32\WINHTTP.dll
0x00007ffb88330000 - 0x00007ffb88399000 	C:\WINDOWS\system32\mswsock.dll
0x00007ffb593d0000 - 0x00007ffb593e2000 	C:\Program Files\Microsoft\jdk-11.0.12.7-hotspot\bin\nio.dll
0x00007ffb57890000 - 0x00007ffb578b7000 	C:\Users\mersh\.gradle\native\e1d6ef7f7dcc3fd88c89a11ec53ec762bb8ba0a96d01ffa2cd45eb1d1d8dd5c5\windows-amd64\native-platform.dll
0x00007ffb34640000 - 0x00007ffb34784000 	C:\Users\mersh\.gradle\native\0d407fdbe67a94daf76414ababcb853783967236a71b16ec16e742cd7a986fd3\windows-amd64\native-platform-file-events.dll
0x00007ffb6ed50000 - 0x00007ffb6ed59000 	C:\Program Files\Microsoft\jdk-11.0.12.7-hotspot\bin\management.dll
0x00007ffb6eac0000 - 0x00007ffb6eacb000 	C:\Program Files\Microsoft\jdk-11.0.12.7-hotspot\bin\management_ext.dll
0x00007ffb88590000 - 0x00007ffb885ab000 	C:\WINDOWS\SYSTEM32\CRYPTSP.dll
0x00007ffb87e30000 - 0x00007ffb87e65000 	C:\WINDOWS\system32\rsaenh.dll
0x00007ffb88430000 - 0x00007ffb88458000 	C:\WINDOWS\SYSTEM32\USERENV.dll
0x00007ffb88730000 - 0x00007ffb88758000 	C:\WINDOWS\SYSTEM32\bcrypt.dll
0x00007ffb885b0000 - 0x00007ffb885bc000 	C:\WINDOWS\SYSTEM32\CRYPTBASE.dll
0x00007ffb879a0000 - 0x00007ffb879cd000 	C:\WINDOWS\SYSTEM32\IPHLPAPI.DLL
0x00007ffb8aac0000 - 0x00007ffb8aac9000 	C:\WINDOWS\System32\NSI.dll
0x00007ffb80ec0000 - 0x00007ffb80ed9000 	C:\WINDOWS\SYSTEM32\dhcpcsvc6.DLL
0x00007ffb80dc0000 - 0x00007ffb80ddf000 	C:\WINDOWS\SYSTEM32\dhcpcsvc.DLL
0x00007ffb87a10000 - 0x00007ffb87b03000 	C:\WINDOWS\SYSTEM32\DNSAPI.dll
0x00007ffb64b60000 - 0x00007ffb64b6e000 	C:\Program Files\Microsoft\jdk-11.0.12.7-hotspot\bin\sunmscapi.dll
0x00007ffb89510000 - 0x00007ffb89677000 	C:\WINDOWS\System32\CRYPT32.dll
0x00007ffb88700000 - 0x00007ffb8872e000 	C:\WINDOWS\SYSTEM32\ncrypt.dll
0x00007ffb886c0000 - 0x00007ffb886f7000 	C:\WINDOWS\SYSTEM32\NTASN1.dll
0x00007ffb5d840000 - 0x00007ffb5d865000 	C:\Program Files\Microsoft\jdk-11.0.12.7-hotspot\bin\sunec.dll
0x00007ffb720e0000 - 0x00007ffb720ea000 	C:\Windows\System32\rasadhlp.dll
0x00007ffb7f6a0000 - 0x00007ffb7f724000 	C:\WINDOWS\System32\fwpuclnt.dll

dbghelp: loaded successfully - version: 4.0.5 - missing functions: none
symbol engine: initialized successfully - sym options: 0x614 - pdb path: .;C:\Program Files\Microsoft\jdk-11.0.12.7-hotspot\bin;C:\WINDOWS\SYSTEM32;C:\WINDOWS\WinSxS\amd64_microsoft.windows.common-controls_6595b64144ccf1df_6.0.22621.1635_none_270f70857386168e;C:\Program Files\Microsoft\jdk-11.0.12.7-hotspot\bin\server;C:\Users\mersh\.gradle\native\e1d6ef7f7dcc3fd88c89a11ec53ec762bb8ba0a96d01ffa2cd45eb1d1d8dd5c5\windows-amd64;C:\Users\mersh\.gradle\native\0d407fdbe67a94daf76414ababcb853783967236a71b16ec16e742cd7a986fd3\windows-amd64

VM Arguments:
jvm_args: -XX:MaxMetaspaceSize=512m --add-opens=java.base/java.util=ALL-UNNAMED --add-opens=java.base/java.lang=ALL-UNNAMED --add-opens=java.base/java.lang.invoke=ALL-UNNAMED --add-opens=java.base/java.util=ALL-UNNAMED --add-opens=java.prefs/java.util.prefs=ALL-UNNAMED --add-opens=java.prefs/java.util.prefs=ALL-UNNAMED --add-opens=java.base/java.nio.charset=ALL-UNNAMED --add-opens=java.base/java.net=ALL-UNNAMED --add-opens=java.base/java.util.concurrent.atomic=ALL-UNNAMED -Xmx2048m -Dfile.encoding=windows-1252 -Duser.country=US -Duser.language=en -Duser.variant 
java_command: org.gradle.launcher.daemon.bootstrap.GradleDaemon 7.5.1
java_class_path (initial): C:\Users\mersh\.gradle\wrapper\dists\gradle-7.5.1-all\1ehga6e77gqps5uk2kc5kf1vc\gradle-7.5.1\lib\gradle-launcher-7.5.1.jar
Launcher Type: SUN_STANDARD

[Global flags]
     intx CICompilerCount                          = 4                                         {product} {ergonomic}
   size_t CompressedClassSpaceSize                 = 528482304                                 {product} {ergonomic}
     uint ConcGCThreads                            = 2                                         {product} {ergonomic}
     uint G1ConcRefinementThreads                  = 8                                         {product} {ergonomic}
   size_t G1HeapRegionSize                         = 1048576                                   {product} {ergonomic}
    uintx GCDrainStackTargetSize                   = 64                                        {product} {ergonomic}
   size_t InitialHeapSize                          = 130023424                                 {product} {ergonomic}
   size_t MarkStackSize                            = 4194304                                   {product} {ergonomic}
   size_t MaxHeapSize                              = 2147483648                                {product} {command line}
   size_t MaxMetaspaceSize                         = 536870912                                 {product} {command line}
   size_t MaxNewSize                               = 1287651328                                {product} {ergonomic}
   size_t MinHeapDeltaBytes                        = 1048576                                   {product} {ergonomic}
    uintx NonNMethodCodeHeapSize                   = 5836300                                {pd product} {ergonomic}
    uintx NonProfiledCodeHeapSize                  = 122910970                              {pd product} {ergonomic}
    uintx ProfiledCodeHeapSize                     = 122910970                              {pd product} {ergonomic}
    uintx ReservedCodeCacheSize                    = 251658240                              {pd product} {ergonomic}
     bool SegmentedCodeCache                       = true                                      {product} {ergonomic}
     bool UseCompressedClassPointers               = true                                 {lp64_product} {ergonomic}
     bool UseCompressedOops                        = true                                 {lp64_product} {ergonomic}
     bool UseG1GC                                  = true                                      {product} {ergonomic}
     bool UseLargePagesIndividualAllocation        = false                                  {pd product} {ergonomic}

Logging:
Log output configuration:
 #0: stdout all=warning uptime,level,tags
 #1: stderr all=off uptime,level,tags

Environment Variables:
CLASSPATH=C:\Users\mersh\Desktop\DriveSOS\drivesos_mobile\android\\gradle\wrapper\gradle-wrapper.jar
PATH=C:\Users\mersh\Desktop\DriveSOS\drivesos_mobile\android\node_modules\.bin;C:\Users\mersh\Desktop\DriveSOS\drivesos_mobile\node_modules\.bin;C:\Users\mersh\Desktop\DriveSOS\node_modules\.bin;C:\Users\mersh\Desktop\node_modules\.bin;C:\Users\mersh\node_modules\.bin;C:\Users\node_modules\.bin;C:\node_modules\.bin;C:\Program Files\nodejs;C:\Users\mersh\AppData\Local\Temp\yarn--1685893733703-0.13465063958024093;C:\Users\mersh\Desktop\DriveSOS\drivesos_mobile\node_modules\.bin;C:\Users\mersh\AppData\Local\Yarn\Data\link\node_modules\.bin;C:\Users\mersh\AppData\Local\Yarn\bin;C:\Program Files\libexec\lib\node_modules\npm\bin\node-gyp-bin;C:\Program Files\lib\node_modules\npm\bin\node-gyp-bin;C:\Program Files\nodejs\node_modules\npm\bin\node-gyp-bin;C:\Program Files\Python311\Scripts\;C:\Program Files\Python311\;C:\Program Files\Microsoft\jdk-11.0.12.7-hotspot\bin;C:\Users\mersh\AppData\Local\Microsoft\WindowsApps;C:\Users\mersh\AppData\Local\Programs\Microsoft VS Code\bin;C:\Users\mersh\AppData\Roaming\npm;C:\Program Files\Git\cmd;C:\Program Files\nodejs\;C:\ProgramData\chocolatey\bin;C:\Program Files\Microsoft SQL Server\150\Tools\Binn\;C:\Program Files\Microsoft SQL Server\Client SDK\ODBC\170\Tools\Binn\;C:\Program Files (x86)\Microsoft SQL Server\150\DTS\Binn\;C:\Program Files\Azure Data Studio\bin;C:\Program Files\dotnet\;C:\Windows\System32;C:\Program Files\MATLAB\R2022b\bin;;%SystemRoot%\system32;%SystemRoot%;%SystemRoot%\System32\Wbem;%SYSTEMROOT%\System32\WindowsPowerShell\v1.0\;%SYSTEMROOT%\System32\OpenSSH\;C:\Program Files\Java\jdk-18.0.1.1\bin;C:\Users\mersh\AppData\Local\Programs\Microsoft VS Code\bin;C:\Users\mersh\.dotnet\tools;C:\Program Files\Azure Data Studio\bin;C:\Users\mersh\AppData\Local\Android\Sdk\platform-tools;;C:\Users\mersh\AppData\Local\Microsoft\WindowsApps
USERNAME=mersh
LANG=en_US.UTF-8
OS=Windows_NT
PROCESSOR_IDENTIFIER=Intel64 Family 6 Model 126 Stepping 5, GenuineIntel



---------------  S Y S T E M  ---------------

OS: Windows 10 , 64 bit Build 22621 (10.0.22621.1635)
OS uptime: 3 days 20:06 hours

CPU:total 8 (initial active 8) (4 cores per cpu, 2 threads per core) family 6 model 126 stepping 5 microcode 0xa8, cmov, cx8, fxsr, mmx, sse, sse2, sse3, ssse3, sse4.1, sse4.2, popcnt, avx, avx2, aes, clmul, erms, 3dnowpref, lzcnt, ht, tsc, tscinvbit, bmi1, bmi2, adx, evex, sha, fma

Memory: 4k page, system-wide physical 7880M (118M free)
TotalPageFile size 32456M (AvailPageFile size 7M)
current process WorkingSet (physical memory assigned to process): 267M, peak: 268M
current process commit charge ("private bytes"): 319M, peak: 321M

vm_info: OpenJDK 64-Bit Server VM (11.0.12+7) for windows-amd64 JRE (11.0.12+7), built on Jul 21 2021 15:41:43 by "" with unknown MS VC++:1916

END.
